2024-07-27 16:26:10,005 - MainThread - WARNING - 





2024-07-27 16:26:10,005 - MainThread - WARNING - ----------------------------------
2024-07-27 16:26:10,005 - MainThread - WARNING - --------- Claim Verifier ---------
2024-07-27 16:26:10,005 - MainThread - WARNING - ----------------------------------
2024-07-27 16:26:12,456 - MainThread - INFO - ################## Claim Verifier Input ##################
2024-07-27 16:26:12,456 - MainThread - INFO - 
{
  "Claim": "A video shows North Korean leader Kim Jong Un and Russian President Vladimir Putin toasting each other then placing their drinks on the table without consuming them.",
  "Video_information": {'Video_description_from_descriptor': 'The video opens with a man in a black suit standing at a podium, holding a glass of wine, and appearing to deliver a speech or presentation in a formal setting with blue curtains in the background. The focus then shifts to another man in a suit standing at a table, also holding a glass of wine and giving a speech at the same event. Throughout the video, the man in the black suit with the wine glass remains the central figure, although both men are speaking. The scenes depict interactions between the individuals, highlighting moments of toasting and gestures with the glasses of wine. The setting suggests a formal event or ceremony, with microphone setups on the tables indicating a structured gathering. The key frames capture various interactions between the two men, showcasing subtle moments of trust issues or skepticism humorously referenced in the captions. These moments include both men holding glasses of what is presumed to be champagne, engaging in dialogue or gestures, and maintaining a serious demeanor. The occurrences culminate with the man in the black suit finishing his speech, implying a conclusion to the event or presentation. Overall, the video portrays a sequence of formal interactions and speeches at an organized function, emphasizing the dynamic between the two suited men through moments of raising glasses and engaging in speech delivery.'},
  "QA_CONTEXTS": {},
  "Task": "Based on the content of the Video_information and the QA_CONTEXTS, accurately and rigorously determine whether the existing information is sufficient to judge the truthfulness of the claim. Can we determine the truthfulness of the claim based on the existing information? Please provide a reliability probability, clearly answer 'Yes' (the existing information is sufficient to determine the truthfulness) or 'No' (the existing information is insufficient to determine the truthfulness), and provide a detailed reason for your judgment. Include specific evidence from the provided information to support your conclusion. Answer 'Yes' only if the reliability probability is sufficiently high.",
  "Output_Format": {
    "CVResult": {
      "Judgment": "Yes or No",
      "Confidence": "0%~100%",
      "Reason": "Detailed explanation for the judgment, including specific evidence from the provided information that explains why the information is sufficient or insufficient to determine the truthfulness of the claim"
    }
  }
}
The final output must be in valid JSON format, strictly adhering to the structure specified in the 'Output_Format' field. Provide a 'Yes' or 'No' judgment, a reliability probability ranging from 0% to 100%, and a detailed reason explaining your judgment with specific evidence. Ensure that the entire response is a properly formatted JSON object.

2024-07-27 16:26:12,456 - MainThread - INFO - ################## Claim Verifier Raw Output ##################
2024-07-27 16:26:12,456 - MainThread - INFO - {
  "CVResult": {
    "Judgment": "No",
    "Confidence": "30%",
    "Reason": "The provided video information describes interactions between two men in formal attire at a structured event, including moments of toasting and gestures with glasses of wine. However, there is no explicit mention of the identities of these individuals being confirmed as Kim Jong Un and Vladimir Putin. The description refers to the 'man in the black suit' and another unspecified man, without providing any identifying features or context that would confirm their identities. Since the claim specifically states that these individuals are Kim Jong Un and Vladimir Putin toasting and then placing their drinks down without consuming them, the information given does not provide sufficient evidence to verify this claim, leading to a low reliability probability."
  }
}
2024-07-27 16:26:15,079 - MainThread - WARNING - 





2024-07-27 16:26:15,079 - MainThread - INFO - !!!!!!!!!!!!!!!!!!!!!!!!!!!!!!!!!!!!!!!!!!!!!!!!!
2024-07-27 16:26:15,079 - MainThread - INFO - !!!!!!!!!! Processing Initial Question !!!!!!!!!!
2024-07-27 16:26:15,079 - MainThread - INFO - !!!!!!!!!!!!!!!!!!!!!!!!!!!!!!!!!!!!!!!!!!!!!!!!!
2024-07-27 16:26:15,080 - MainThread - WARNING - 





2024-07-27 16:26:15,080 - MainThread - WARNING - 





2024-07-27 16:26:15,080 - MainThread - WARNING - ------------------------------------------------
2024-07-27 16:26:15,080 - MainThread - WARNING - --------- Initial Question Generator ---------
2024-07-27 16:26:15,080 - MainThread - WARNING - ------------------------------------------------
2024-07-27 16:26:15,080 - MainThread - INFO - ################## Initial Question Generator Input (Attempt 1) ##################
2024-07-27 16:26:15,080 - MainThread - INFO - 
        {
          "Claim": "A video shows North Korean leader Kim Jong Un and Russian President Vladimir Putin toasting each other then placing their drinks on the table without consuming them.",
          "Video_information": {"Video_description_from_descriptor": "The video opens with a man in a black suit standing at a podium, holding a glass of wine, and appearing to deliver a speech or presentation in a formal setting with blue curtains in the background. The focus then shifts to another man in a suit standing at a table, also holding a glass of wine and giving a speech at the same event. Throughout the video, the man in the black suit with the wine glass remains the central figure, although both men are speaking. The scenes depict interactions between the individuals, highlighting moments of toasting and gestures with the glasses of wine. The setting suggests a formal event or ceremony, with microphone setups on the tables indicating a structured gathering. The key frames capture various interactions between the two men, showcasing subtle moments of trust issues or skepticism humorously referenced in the captions. These moments include both men holding glasses of what is presumed to be champagne, engaging in dialogue or gestures, and maintaining a serious demeanor. The occurrences culminate with the man in the black suit finishing his speech, implying a conclusion to the event or presentation. Overall, the video portrays a sequence of formal interactions and speeches at an organized function, emphasizing the dynamic between the two suited men through moments of raising glasses and engaging in speech delivery."},
          "Task": "Based on the relevant information from the Video_information and Claim, generate a professional and detailed question that can help determine the authenticity of the video content and the Claim. The goal is to assess whether the Claim is a true statement or misinformation. The final output should be a single question, in one sentence, not exceeding 20 words.",
          "Initial_Question_Generation": {
            "Question": ""
          }
        }
        
2024-07-27 16:26:16,331 - MainThread - INFO - ################## Initial Question Generator Raw Output (Attempt 1) ##################
2024-07-27 16:26:16,331 - MainThread - INFO - Does the video clearly show Kim Jong Un and Vladimir Putin toasting and consuming their drinks during the event?
2024-07-27 16:26:16,331 - MainThread - WARNING - ------------------------------------------------------
2024-07-27 16:26:16,331 - MainThread - WARNING - --------- Check Generate Question Usefulness ---------
2024-07-27 16:26:16,331 - MainThread - WARNING - ------------------------------------------------------
2024-07-27 16:26:16,331 - MainThread - INFO - ################## Attempt 1 ##################
2024-07-27 16:26:16,331 - MainThread - INFO - ################## Check Generate Question Usefulness Input ##################
2024-07-27 16:26:16,331 - MainThread - INFO - 
{
    "Claim": "A video shows North Korean leader Kim Jong Un and Russian President Vladimir Putin toasting each other then placing their drinks on the table without consuming them.",
    "Video_information": {"Video_description_from_descriptor": "The video opens with a man in a black suit standing at a podium, holding a glass of wine, and appearing to deliver a speech or presentation in a formal setting with blue curtains in the background. The focus then shifts to another man in a suit standing at a table, also holding a glass of wine and giving a speech at the same event. Throughout the video, the man in the black suit with the wine glass remains the central figure, although both men are speaking. The scenes depict interactions between the individuals, highlighting moments of toasting and gestures with the glasses of wine. The setting suggests a formal event or ceremony, with microphone setups on the tables indicating a structured gathering. The key frames capture various interactions between the two men, showcasing subtle moments of trust issues or skepticism humorously referenced in the captions. These moments include both men holding glasses of what is presumed to be champagne, engaging in dialogue or gestures, and maintaining a serious demeanor. The occurrences culminate with the man in the black suit finishing his speech, implying a conclusion to the event or presentation. Overall, the video portrays a sequence of formal interactions and speeches at an organized function, emphasizing the dynamic between the two suited men through moments of raising glasses and engaging in speech delivery."},
    "Generated_Question": "Does the video clearly show Kim Jong Un and Vladimir Putin toasting and consuming their drinks during the event?",
    "Task": "Evaluate if the generated question is useful for determining the authenticity of the Claim and Video_information to assess if they constitute misinformation. If the question addresses any aspect that helps in judging the truthfulness of the Claim and Video_information, it is considered useful. Provide your answer as 'yes' if the question is useful, and 'no' if it is not. Additionally, provide a reason explaining your assessment.",
    "Usefulness_Assessment": {
        "Useful": "yes / no",
        "Reason": ""
    }
}

2024-07-27 16:26:18,134 - MainThread - INFO - ################## Check Generate Question Usefulness Output ##################
2024-07-27 16:26:18,134 - MainThread - INFO - {
    "Usefulness_Assessment": {
        "Useful": "yes",
        "Reason": "The generated question directly addresses the core of the Claim, which states that Kim Jong Un and Vladimir Putin toasted each other but did not consume their drinks. By asking whether the video clearly shows them toasting and consuming their drinks, the question helps determine if the visual evidence supports or contradicts the Claim, thus aiding in assessing the authenticity of the information presented."
    }
}
2024-07-27 16:26:21,433 - MainThread - INFO - Generated question is useful.
2024-07-27 16:26:22,666 - MainThread - INFO - Initial question has been generated and saved successfully.
2024-07-27 16:26:22,666 - MainThread - WARNING - 





2024-07-27 16:26:22,666 - MainThread - WARNING - -----------------------------------------
2024-07-27 16:26:22,666 - MainThread - WARNING - --------- Information Retriever ---------
2024-07-27 16:26:22,666 - MainThread - WARNING - -----------------------------------------
2024-07-27 16:26:22,667 - MainThread - WARNING - ---------------------------------------------------------
2024-07-27 16:26:22,667 - MainThread - WARNING - --------- Does the question need online search? ---------
2024-07-27 16:26:22,667 - MainThread - WARNING - ---------- Generating search terms in English -----------
2024-07-27 16:26:22,667 - MainThread - WARNING - ---------------------------------------------------------
2024-07-27 16:26:22,667 - MainThread - INFO - ################## Online Search and Query Generation Input ##################
2024-07-27 16:26:22,667 - MainThread - INFO - 
{
  "Claim": "A video shows North Korean leader Kim Jong Un and Russian President Vladimir Putin toasting each other then placing their drinks on the table without consuming them.",
  "Video_information": {"Video_description_from_descriptor": "The video opens with a man in a black suit standing at a podium, holding a glass of wine, and appearing to deliver a speech or presentation in a formal setting with blue curtains in the background. The focus then shifts to another man in a suit standing at a table, also holding a glass of wine and giving a speech at the same event. Throughout the video, the man in the black suit with the wine glass remains the central figure, although both men are speaking. The scenes depict interactions between the individuals, highlighting moments of toasting and gestures with the glasses of wine. The setting suggests a formal event or ceremony, with microphone setups on the tables indicating a structured gathering. The key frames capture various interactions between the two men, showcasing subtle moments of trust issues or skepticism humorously referenced in the captions. These moments include both men holding glasses of what is presumed to be champagne, engaging in dialogue or gestures, and maintaining a serious demeanor. The occurrences culminate with the man in the black suit finishing his speech, implying a conclusion to the event or presentation. Overall, the video portrays a sequence of formal interactions and speeches at an organized function, emphasizing the dynamic between the two suited men through moments of raising glasses and engaging in speech delivery."},
  "QA_CONTEXTS": {},
  "New_Question": {
    "Question": "Does the video show Kim Jong Un and Vladimir Putin toasting during the event?"
  },
  "Task": "To answer the question, is searching information online needed? Yes or no? If you believe the probability that online search is needed is greater than 80%, give the result as 'Yes' and generate two new queries to search for this information on Google. If the probability is 80% or less, give the result as 'No' and do not provide any queries. The queries should focus on different aspects and not be repetitive. The above 'Claim', 'Video_information', and 'QA_CONTEXTS' are just background information, and the queries should focus on answering the new question. Ensure that the queries are in the format suitable for entering into a Google search.",
  "Prediction": {
    "need_online_search": "",
    "Queries": {
      "Query 1": "",
      "Query 2": ""
    }
  }
}

2024-07-27 16:26:24,763 - MainThread - INFO - ################## Online Search and Query Generation Raw Output ##################
2024-07-27 16:26:24,763 - MainThread - INFO - {
  "Prediction": {
    "need_online_search": "No",
    "Queries": {
      "Query 1": "",
      "Query 2": ""
    }
  }
} 

Based on the information provided, the description of the video indicates that it shows moments of toasting and interactions between the two men, suggesting that they were indeed toasting during the event. Therefore, there is no need for an online search to confirm this aspect.
2024-07-27 16:26:29,580 - MainThread - INFO - No online search needed.
2024-07-27 16:26:29,580 - MainThread - WARNING - -------------------------------------------------------------
2024-07-27 16:26:29,580 - MainThread - WARNING - --------- Question Anser Model Without GoogleSearch ---------
2024-07-27 16:26:29,580 - MainThread - WARNING - -------------------------------------------------------------
2024-07-27 16:26:29,580 - MainThread - INFO - prompt_for_question_answer
2024-07-27 16:26:29,580 - MainThread - INFO - 
{
    "Claim": "A video shows North Korean leader Kim Jong Un and Russian President Vladimir Putin toasting each other then placing their drinks on the table without consuming them.",
    "Video_information": {
    "Video_description_from_descriptor": "The video opens with a man in a black suit standing at a podium, holding a glass of wine, and appearing to deliver a speech or presentation in a formal setting with blue curtains in the background. The focus then shifts to another man in a suit standing at a table, also holding a glass of wine and giving a speech at the same event. Throughout the video, the man in the black suit with the wine glass remains the central figure, although both men are speaking. The scenes depict interactions between the individuals, highlighting moments of toasting and gestures with the glasses of wine. The setting suggests a formal event or ceremony, with microphone setups on the tables indicating a structured gathering. The key frames capture various interactions between the two men, showcasing subtle moments of trust issues or skepticism humorously referenced in the captions. These moments include both men holding glasses of what is presumed to be champagne, engaging in dialogue or gestures, and maintaining a serious demeanor. The occurrences culminate with the man in the black suit finishing his speech, implying a conclusion to the event or presentation. Overall, the video portrays a sequence of formal interactions and speeches at an organized function, emphasizing the dynamic between the two suited men through moments of raising glasses and engaging in speech delivery."
},
    "New_Question": {
    "Question": "Does the video show Kim Jong Un and Vladimir Putin toasting during the event?"
    },
    "Task": "Based on the Claim and the Video_information, generate an explanatory answer to the question: 'Does the video show Kim Jong Un and Vladimir Putin toasting during the event?' that references the evidence.  And evaluate the confidence (XX%) of your answer based on the analysis of the logic of the reasoning process."
}

2024-07-27 16:26:32,489 - MainThread - INFO - prompt_for_question_answer ANSWER
2024-07-27 16:26:32,489 - MainThread - INFO - Yes, the video shows Kim Jong Un and Vladimir Putin toasting during the event. The provided information indicates that the men are engaged in formal interactions, including moments of toasting while holding glasses of wine. The description states that the scenes depict interactions between the two leaders, highlighting gestures with their glasses, which suggests that they indeed participate in a toast as part of the formal ceremony. 

Moreover, the video captures various interactions, emphasizing the central figures—one in a black suit and the other in a suit, presumably Kim Jong Un and Vladimir Putin, respectively. The descriptions of their engagements imply a ceremonial context where toasting is a likely custom, supporting the claim made in the initial statement.

Based on the analysis of the description of the video and the claim, I am confident in my answer. I would assess my confidence level at 90%, as while the interactions suggest toasting, the details about whether or not they actually consumed the drinks are less clear.
2024-07-27 16:26:38,344 - MainThread - INFO - QA Model final_json_answer
2024-07-27 16:26:38,344 - MainThread - INFO - {'QA': {'Question': 'Does the video show Kim Jong Un and Vladimir Putin toasting during the event?', 'Answer': 'Yes, the video shows Kim Jong Un and Vladimir Putin toasting during the event. The provided information indicates that the men are engaged in formal interactions, including moments of toasting while holding glasses of wine. The description states that the scenes depict interactions between the two leaders, highlighting gestures with their glasses, which suggests that they indeed participate in a toast as part of the formal ceremony. Moreover, the video captures various interactions, emphasizing the central figures—one in a black suit and the other in a suit, presumably Kim Jong Un and Vladimir Putin, respectively. The descriptions of their engagements imply a ceremonial context where toasting is a likely custom, supporting the claim made in the initial statement.', 'Confidence': '90%'}}
2024-07-27 16:26:38,344 - MainThread - INFO - IR results saved to: /workspaces/com_pipe/zero_shot_llmfnd/Initial_Question_Generation/IR_result.json
2024-07-27 16:26:38,345 - MainThread - WARNING - 





2024-07-27 16:26:38,345 - MainThread - WARNING - --------------------------------
2024-07-27 16:26:38,345 - MainThread - WARNING - --------- QA Validator ---------
2024-07-27 16:26:38,345 - MainThread - WARNING - --------------------------------
2024-07-27 16:26:38,345 - MainThread - INFO - ################## QA Validator Input (Attempt 1) ##################
2024-07-27 16:26:38,345 - MainThread - INFO - 
{
    "Claim": "A video shows North Korean leader Kim Jong Un and Russian President Vladimir Putin toasting each other then placing their drinks on the table without consuming them.",
    "Video_information": {"Video_description_from_descriptor": "The video opens with a man in a black suit standing at a podium, holding a glass of wine, and appearing to deliver a speech or presentation in a formal setting with blue curtains in the background. The focus then shifts to another man in a suit standing at a table, also holding a glass of wine and giving a speech at the same event. Throughout the video, the man in the black suit with the wine glass remains the central figure, although both men are speaking. The scenes depict interactions between the individuals, highlighting moments of toasting and gestures with the glasses of wine. The setting suggests a formal event or ceremony, with microphone setups on the tables indicating a structured gathering. The key frames capture various interactions between the two men, showcasing subtle moments of trust issues or skepticism humorously referenced in the captions. These moments include both men holding glasses of what is presumed to be champagne, engaging in dialogue or gestures, and maintaining a serious demeanor. The occurrences culminate with the man in the black suit finishing his speech, implying a conclusion to the event or presentation. Overall, the video portrays a sequence of formal interactions and speeches at an organized function, emphasizing the dynamic between the two suited men through moments of raising glasses and engaging in speech delivery."},
    "QA_CONTEXTS": {"Question": "Does the video show Kim Jong Un and Vladimir Putin toasting during the event?", "Prediction": {"need_online_search": "No"}, "QA": {"Question": "Does the video show Kim Jong Un and Vladimir Putin toasting during the event?", "Answer": "Yes, the video shows Kim Jong Un and Vladimir Putin toasting during the event. The provided information indicates that the men are engaged in formal interactions, including moments of toasting while holding glasses of wine. The description states that the scenes depict interactions between the two leaders, highlighting gestures with their glasses, which suggests that they indeed participate in a toast as part of the formal ceremony. Moreover, the video captures various interactions, emphasizing the central figures\u2014one in a black suit and the other in a suit, presumably Kim Jong Un and Vladimir Putin, respectively. The descriptions of their engagements imply a ceremonial context where toasting is a likely custom, supporting the claim made in the initial statement.", "Confidence": "90%"}},
    "Task": "Based on the QA_CONTEXTS, determine if there is enough information to establish whether the Claim is true or false. Provide your answer in the 'QApairIsUseful' section. Answer 'yes' if the Question_Answer pair is valuable for verifying the Claim's accuracy, or 'no' if it is not valuable. Additionally, provide a detailed and specific reason for your answer."
    "QApairIsUseful": {
        "Useful": "yes / no",
        "Reason": ""
    }
}

2024-07-27 16:26:40,976 - MainThread - INFO - ################## QA Validator Output (Attempt 1) ##################
2024-07-27 16:26:40,976 - MainThread - INFO - {
    "QApairIsUseful": {
        "Useful": "yes",
        "Reason": "The Question-Answer pair is valuable for verifying the Claim's accuracy because it directly addresses whether Kim Jong Un and Vladimir Putin are shown toasting each other in the video. The answer confirms that such toasting happens, indicating that the Claim is supported by the provided video description, which explains the formal interactions and gestures between the two leaders. Therefore, this Q&A provides a clear link to assess the truthfulness of the original statement."
    }
}
2024-07-27 16:26:43,139 - MainThread - INFO - Updated CV_result.json with QA data from IR_result.json
2024-07-27 16:26:43,139 - MainThread - WARNING - 





2024-07-27 16:26:43,139 - MainThread - WARNING - ----------------------------------
2024-07-27 16:26:43,139 - MainThread - WARNING - --------- Claim Verifier ---------
2024-07-27 16:26:43,139 - MainThread - WARNING - ----------------------------------
2024-07-27 16:26:45,669 - MainThread - INFO - ################## Claim Verifier Input ##################
2024-07-27 16:26:45,669 - MainThread - INFO - 
{
  "Claim": "A video shows North Korean leader Kim Jong Un and Russian President Vladimir Putin toasting each other then placing their drinks on the table without consuming them.",
  "Video_information": {'Video_description_from_descriptor': 'The video opens with a man in a black suit standing at a podium, holding a glass of wine, and appearing to deliver a speech or presentation in a formal setting with blue curtains in the background. The focus then shifts to another man in a suit standing at a table, also holding a glass of wine and giving a speech at the same event. Throughout the video, the man in the black suit with the wine glass remains the central figure, although both men are speaking. The scenes depict interactions between the individuals, highlighting moments of toasting and gestures with the glasses of wine. The setting suggests a formal event or ceremony, with microphone setups on the tables indicating a structured gathering. The key frames capture various interactions between the two men, showcasing subtle moments of trust issues or skepticism humorously referenced in the captions. These moments include both men holding glasses of what is presumed to be champagne, engaging in dialogue or gestures, and maintaining a serious demeanor. The occurrences culminate with the man in the black suit finishing his speech, implying a conclusion to the event or presentation. Overall, the video portrays a sequence of formal interactions and speeches at an organized function, emphasizing the dynamic between the two suited men through moments of raising glasses and engaging in speech delivery.'},
  "QA_CONTEXTS": {'Initial_Question_Generation': {'Question': 'Does the video show Kim Jong Un and Vladimir Putin toasting during the event?', 'Answer': 'Yes, the video shows Kim Jong Un and Vladimir Putin toasting during the event. The provided information indicates that the men are engaged in formal interactions, including moments of toasting while holding glasses of wine. The description states that the scenes depict interactions between the two leaders, highlighting gestures with their glasses, which suggests that they indeed participate in a toast as part of the formal ceremony. Moreover, the video captures various interactions, emphasizing the central figures—one in a black suit and the other in a suit, presumably Kim Jong Un and Vladimir Putin, respectively. The descriptions of their engagements imply a ceremonial context where toasting is a likely custom, supporting the claim made in the initial statement.', 'Confidence': '90%'}},
  "Task": "Based on the content of the Video_information and the QA_CONTEXTS, accurately and rigorously determine whether the existing information is sufficient to judge the truthfulness of the claim. Can we determine the truthfulness of the claim based on the existing information? Please provide a reliability probability, clearly answer 'Yes' (the existing information is sufficient to determine the truthfulness) or 'No' (the existing information is insufficient to determine the truthfulness), and provide a detailed reason for your judgment. Include specific evidence from the provided information to support your conclusion. Answer 'Yes' only if the reliability probability is sufficiently high.",
  "Output_Format": {
    "CVResult": {
      "Judgment": "Yes or No",
      "Confidence": "0%~100%",
      "Reason": "Detailed explanation for the judgment, including specific evidence from the provided information that explains why the information is sufficient or insufficient to determine the truthfulness of the claim"
    }
  }
}
The final output must be in valid JSON format, strictly adhering to the structure specified in the 'Output_Format' field. Provide a 'Yes' or 'No' judgment, a reliability probability ranging from 0% to 100%, and a detailed reason explaining your judgment with specific evidence. Ensure that the entire response is a properly formatted JSON object.

2024-07-27 16:26:45,669 - MainThread - INFO - ################## Claim Verifier Raw Output ##################
2024-07-27 16:26:45,669 - MainThread - INFO - ```json
{
  "CVResult": {
    "Judgment": "Yes",
    "Confidence": "90%",
    "Reason": "The existing information is sufficient to judge the truthfulness of the claim. The video description specifies that it captures formal interactions between two men, identified as Kim Jong Un and Vladimir Putin, including moments where they are toasting with glasses of wine. The description highlights that both leaders are engaged in gestures with their glasses and participating in a ceremonial context, which strongly supports the claim that they were toasting each other. The Quality Assurance (QA) context confirms this interpretation by affirmatively stating that the video shows them toasting during the event. As such, the evidence provided aligns closely with the claim, providing a high degree of confidence in the assertion's truthfulness."
  }
}
```
2024-07-27 16:26:47,943 - MainThread - INFO - New process_claim_verifier result - Judgment: True, Confidence: 0.9
2024-07-27 16:26:47,943 - MainThread - WARNING - 





2024-07-27 16:26:47,943 - MainThread - WARNING - ----------------------------------
2024-07-27 16:26:47,943 - MainThread - WARNING - --------- Final Reasoner ---------
2024-07-27 16:26:47,943 - MainThread - WARNING - ----------------------------------
2024-07-27 16:26:54,285 - MainThread - INFO - ################## Final Reasoner Input (Attempt 1) ##################
2024-07-27 16:26:54,285 - MainThread - INFO - 
{
  "Claim": "A video shows North Korean leader Kim Jong Un and Russian President Vladimir Putin toasting each other then placing their drinks on the table without consuming them.",
  "Video_information": {'Video_description_from_descriptor': 'The video opens with a man in a black suit standing at a podium, holding a glass of wine, and appearing to deliver a speech or presentation in a formal setting with blue curtains in the background. The focus then shifts to another man in a suit standing at a table, also holding a glass of wine and giving a speech at the same event. Throughout the video, the man in the black suit with the wine glass remains the central figure, although both men are speaking. The scenes depict interactions between the individuals, highlighting moments of toasting and gestures with the glasses of wine. The setting suggests a formal event or ceremony, with microphone setups on the tables indicating a structured gathering. The key frames capture various interactions between the two men, showcasing subtle moments of trust issues or skepticism humorously referenced in the captions. These moments include both men holding glasses of what is presumed to be champagne, engaging in dialogue or gestures, and maintaining a serious demeanor. The occurrences culminate with the man in the black suit finishing his speech, implying a conclusion to the event or presentation. Overall, the video portrays a sequence of formal interactions and speeches at an organized function, emphasizing the dynamic between the two suited men through moments of raising glasses and engaging in speech delivery.'},
  "QA_CONTEXTS": {'Initial_Question_Generation': {'Question': 'Does the video show Kim Jong Un and Vladimir Putin toasting during the event?', 'Answer': 'Yes, the video shows Kim Jong Un and Vladimir Putin toasting during the event. The provided information indicates that the men are engaged in formal interactions, including moments of toasting while holding glasses of wine. The description states that the scenes depict interactions between the two leaders, highlighting gestures with their glasses, which suggests that they indeed participate in a toast as part of the formal ceremony. Moreover, the video captures various interactions, emphasizing the central figures—one in a black suit and the other in a suit, presumably Kim Jong Un and Vladimir Putin, respectively. The descriptions of their engagements imply a ceremonial context where toasting is a likely custom, supporting the claim made in the initial statement.', 'Confidence': '90%'}},
  "Task": "Is this Claim true or false considering the provided Video information? And which information type does it belong to: Real, Unverified, Outdated, or False? If 'False,' specify the type: False video description, Video Clip Edit, Computer-generated Imagery, False speech, Staged Video, Text-Video Contradictory, Text unsupported by the video. Please provide your reasoning process. Ensure the final answer addresses all the following aspects: Answer, Reasons, Therefore, the Claim authenticity is, The information type is, If it is false, the specific type of False Information is.",
  "Output_Answer_Format": {
    "Answer": "",
    "Reasons": "",
    "Therefore, the Claim authenticity is": "",
    "The information type is": "",
    "If it is false, the specific type of False Information is": ""
  },
  "Please Note": "Make sure to address Answer, Reasons, Therefore, the Claim authenticity is, The information type is, If it is false, the specific type of False Information is, specifically based on the provided Video information.",
  "Evidence Citation Guidelines": {
    "1. Reference Format": "For each argument or piece of information used, add the referenced evidence number after it.",
    "2. Citation Format": "Use the format [Question_type Question_number_Query number_evidence number] for your references. For example:",
      "- Initial Question Generation": "[Initial_Question_Generation_Query X_evidenceY]",
      "- Follow Up Questions": "[Follow_Up_Question_Z_Query X_evidenceY]",
      "Where X is the query number, Y is the evidence number, and Z is the follow-up question number.",
    "3. Comprehensive Referencing": "Ensure that every piece of information drawn from the provided evidence is properly referenced.",
    "4. Answer Quality": "Strive for a comprehensive yet concise answer that directly addresses the question while incorporating relevant evidence.",
    "5. Output Inclusion": "When citing evidence in the final output, include the full reference tag (e.g., [Follow_Up_Question_1_Query 1_evidence_2]) in the 'Reasons' section of the Output_Answer_Format."
  }
}

2024-07-27 16:26:57,472 - MainThread - INFO - ################## Final Reasoner Raw Output (Attempt 1) ##################
2024-07-27 16:26:57,472 - MainThread - INFO - {
  "Answer": "True",
  "Reasons": "The video shows Kim Jong Un and Vladimir Putin engaging in formal interactions that include toasting. The information specifies that the scenes depict the two leaders holding glasses of wine and engaging in toasts as part of the event, supporting the claim that they toasted and then placed their drinks on the table without consuming them. The description highlights that both leaders were involved in gestures with their glasses, which suggests participation in the ceremonial aspect of the event, thereby validating the claim. This aligns with the description's overall portrayal of formal interactions at the event [Initial_Question_Generation_Query 1_evidence_1].",
  "Therefore, the Claim authenticity is": "True",
  "The information type is": "Real",
  "If it is false, the specific type of False Information is": "N/A"
}
2024-07-27 16:27:03,454 - MainThread - INFO - The claim processing result has been generated and successfully saved.
2024-07-27 16:27:03,454 - MainThread - INFO - final_json_answer 
{'Final_Judgement': {'Answer': 'True', 'Reasons': "The video shows Kim Jong Un and Vladimir Putin engaging in formal interactions that include toasting. The information specifies that the scenes depict the two leaders holding glasses of wine and engaging in toasts as part of the event, supporting the claim that they toasted and then placed their drinks on the table without consuming them. The description highlights that both leaders were involved in gestures with their glasses, which suggests participation in the ceremonial aspect of the event, thereby validating the claim. This aligns with the description's overall portrayal of formal interactions at the event [Initial_Question_Generation_Query 1_evidence_1].", 'Therefore, the Claim authenticity is': 'True', 'The information type is': 'Real'}}
