2024-07-27 16:20:39,664 - MainThread - WARNING - 





2024-07-27 16:20:39,664 - MainThread - WARNING - ----------------------------------
2024-07-27 16:20:39,664 - MainThread - WARNING - --------- Claim Verifier ---------
2024-07-27 16:20:39,664 - MainThread - WARNING - ----------------------------------
2024-07-27 16:20:42,574 - MainThread - INFO - ################## Claim Verifier Input ##################
2024-07-27 16:20:42,574 - MainThread - INFO - 
{
  "Claim": "A video shows North Korean leader Kim Jong Un and Russian President Vladimir Putin toasting each other then placing their drinks on the table without consuming them.",
  "Video_information": {'Video_description_from_descriptor': 'The video opens with a man in a black suit standing at a podium, holding a glass of wine, and appearing to deliver a speech or presentation in a formal setting with blue curtains in the background. The focus then shifts to another man in a suit standing at a table, also holding a glass of wine and giving a speech at the same event. Throughout the video, the man in the black suit with the wine glass remains the central figure, although both men are speaking. The scenes depict interactions between the individuals, highlighting moments of toasting and gestures with the glasses of wine. The setting suggests a formal event or ceremony, with microphone setups on the tables indicating a structured gathering. The key frames capture various interactions between the two men, showcasing subtle moments of trust issues or skepticism humorously referenced in the captions. These moments include both men holding glasses of what is presumed to be champagne, engaging in dialogue or gestures, and maintaining a serious demeanor. The occurrences culminate with the man in the black suit finishing his speech, implying a conclusion to the event or presentation. Overall, the video portrays a sequence of formal interactions and speeches at an organized function, emphasizing the dynamic between the two suited men through moments of raising glasses and engaging in speech delivery.'},
  "QA_CONTEXTS": {},
  "Task": "Based on the content of the Video_information and the QA_CONTEXTS, accurately and rigorously determine whether the existing information is sufficient to judge the truthfulness of the claim. Can we determine the truthfulness of the claim based on the existing information? Please provide a reliability probability, clearly answer 'Yes' (the existing information is sufficient to determine the truthfulness) or 'No' (the existing information is insufficient to determine the truthfulness), and provide a detailed reason for your judgment. Include specific evidence from the provided information to support your conclusion. Answer 'Yes' only if the reliability probability is sufficiently high.",
  "Output_Format": {
    "CVResult": {
      "Judgment": "Yes or No",
      "Confidence": "0%~100%",
      "Reason": "Detailed explanation for the judgment, including specific evidence from the provided information that explains why the information is sufficient or insufficient to determine the truthfulness of the claim"
    }
  }
}
The final output must be in valid JSON format, strictly adhering to the structure specified in the 'Output_Format' field. Provide a 'Yes' or 'No' judgment, a reliability probability ranging from 0% to 100%, and a detailed reason explaining your judgment with specific evidence. Ensure that the entire response is a properly formatted JSON object.

2024-07-27 16:20:42,575 - MainThread - INFO - ################## Claim Verifier Raw Output ##################
2024-07-27 16:20:42,575 - MainThread - INFO - {
  "CVResult": {
    "Judgment": "No",
    "Confidence": "70%",
    "Reason": "The information provided in the 'Video_information' describes a formal setting featuring two men, likely Kim Jong Un and Vladimir Putin, toasting with wine glasses. However, it does not confirm whether they actually consumed the drinks after toasting, which is a key component of the claim. The description mentions 'engaging in dialogue or gestures' and 'raising glasses', but it lacks explicit confirmation of whether the drinks were consumed or merely placed on the table afterward. The summary of interactions indicates a formal event, but the specific focus on the drinking act (consuming vs. placing the glasses down) remains unclear. Therefore, while there is a strong indication of the interaction fitting the claim, the absence of concrete evidence regarding the consumption leads to a conclusion of insufficiency in confirming the truthfulness of the claim."
  }
}
2024-07-27 16:20:45,833 - MainThread - WARNING - 





2024-07-27 16:20:45,833 - MainThread - INFO - !!!!!!!!!!!!!!!!!!!!!!!!!!!!!!!!!!!!!!!!!!!!!!!!!
2024-07-27 16:20:45,833 - MainThread - INFO - !!!!!!!!!! Processing Initial Question !!!!!!!!!!
2024-07-27 16:20:45,833 - MainThread - INFO - !!!!!!!!!!!!!!!!!!!!!!!!!!!!!!!!!!!!!!!!!!!!!!!!!
2024-07-27 16:20:45,833 - MainThread - WARNING - 





2024-07-27 16:20:45,833 - MainThread - WARNING - 





2024-07-27 16:20:45,833 - MainThread - WARNING - ------------------------------------------------
2024-07-27 16:20:45,833 - MainThread - WARNING - --------- Initial Question Generator ---------
2024-07-27 16:20:45,834 - MainThread - WARNING - ------------------------------------------------
2024-07-27 16:20:45,834 - MainThread - INFO - ################## Initial Question Generator Input (Attempt 1) ##################
2024-07-27 16:20:45,834 - MainThread - INFO - 
        {
          "Claim": "A video shows North Korean leader Kim Jong Un and Russian President Vladimir Putin toasting each other then placing their drinks on the table without consuming them.",
          "Video_information": {"Video_description_from_descriptor": "The video opens with a man in a black suit standing at a podium, holding a glass of wine, and appearing to deliver a speech or presentation in a formal setting with blue curtains in the background. The focus then shifts to another man in a suit standing at a table, also holding a glass of wine and giving a speech at the same event. Throughout the video, the man in the black suit with the wine glass remains the central figure, although both men are speaking. The scenes depict interactions between the individuals, highlighting moments of toasting and gestures with the glasses of wine. The setting suggests a formal event or ceremony, with microphone setups on the tables indicating a structured gathering. The key frames capture various interactions between the two men, showcasing subtle moments of trust issues or skepticism humorously referenced in the captions. These moments include both men holding glasses of what is presumed to be champagne, engaging in dialogue or gestures, and maintaining a serious demeanor. The occurrences culminate with the man in the black suit finishing his speech, implying a conclusion to the event or presentation. Overall, the video portrays a sequence of formal interactions and speeches at an organized function, emphasizing the dynamic between the two suited men through moments of raising glasses and engaging in speech delivery."},
          "Task": "Based on the relevant information from the Video_information and Claim, generate a professional and detailed question that can help determine the authenticity of the video content and the Claim. The goal is to assess whether the Claim is a true statement or misinformation. The final output should be a single question, in one sentence, not exceeding 20 words.",
          "Initial_Question_Generation": {
            "Question": ""
          }
        }
        
2024-07-27 16:20:49,218 - MainThread - INFO - ################## Initial Question Generator Raw Output (Attempt 1) ##################
2024-07-27 16:20:49,218 - MainThread - INFO - Does the video provide clear evidence of Kim Jong Un and Vladimir Putin consuming their drinks during the event?
2024-07-27 16:20:49,218 - MainThread - WARNING - ------------------------------------------------------
2024-07-27 16:20:49,218 - MainThread - WARNING - --------- Check Generate Question Usefulness ---------
2024-07-27 16:20:49,218 - MainThread - WARNING - ------------------------------------------------------
2024-07-27 16:20:49,218 - MainThread - INFO - ################## Attempt 1 ##################
2024-07-27 16:20:49,218 - MainThread - INFO - ################## Check Generate Question Usefulness Input ##################
2024-07-27 16:20:49,218 - MainThread - INFO - 
{
    "Claim": "A video shows North Korean leader Kim Jong Un and Russian President Vladimir Putin toasting each other then placing their drinks on the table without consuming them.",
    "Video_information": {"Video_description_from_descriptor": "The video opens with a man in a black suit standing at a podium, holding a glass of wine, and appearing to deliver a speech or presentation in a formal setting with blue curtains in the background. The focus then shifts to another man in a suit standing at a table, also holding a glass of wine and giving a speech at the same event. Throughout the video, the man in the black suit with the wine glass remains the central figure, although both men are speaking. The scenes depict interactions between the individuals, highlighting moments of toasting and gestures with the glasses of wine. The setting suggests a formal event or ceremony, with microphone setups on the tables indicating a structured gathering. The key frames capture various interactions between the two men, showcasing subtle moments of trust issues or skepticism humorously referenced in the captions. These moments include both men holding glasses of what is presumed to be champagne, engaging in dialogue or gestures, and maintaining a serious demeanor. The occurrences culminate with the man in the black suit finishing his speech, implying a conclusion to the event or presentation. Overall, the video portrays a sequence of formal interactions and speeches at an organized function, emphasizing the dynamic between the two suited men through moments of raising glasses and engaging in speech delivery."},
    "Generated_Question": "Does the video provide clear evidence of Kim Jong Un and Vladimir Putin consuming their drinks during the event?",
    "Task": "Evaluate if the generated question is useful for determining the authenticity of the Claim and Video_information to assess if they constitute misinformation. If the question addresses any aspect that helps in judging the truthfulness of the Claim and Video_information, it is considered useful. Provide your answer as 'yes' if the question is useful, and 'no' if it is not. Additionally, provide a reason explaining your assessment.",
    "Usefulness_Assessment": {
        "Useful": "yes / no",
        "Reason": ""
    }
}

2024-07-27 16:20:52,869 - MainThread - INFO - ################## Check Generate Question Usefulness Output ##################
2024-07-27 16:20:52,869 - MainThread - INFO - {
    "Useful": "yes",
    "Reason": "The generated question directly addresses a key aspect of the claim, which suggests that Kim Jong Un and Vladimir Putin toasted but did not consume their drinks. By asking if the video provides clear evidence of them consuming their drinks, the question targets the authenticity of the claim about their interaction. If it turns out that the video does not show them drinking, it would support the claim of them merely toasting without actual consumption, thus helping to verify or refute the overall truthfulness of the claim."
}
2024-07-27 16:20:55,213 - MainThread - INFO - Generated question is useful.
2024-07-27 16:20:56,975 - MainThread - INFO - Initial question has been generated and saved successfully.
2024-07-27 16:20:56,975 - MainThread - WARNING - 





2024-07-27 16:20:56,976 - MainThread - WARNING - -----------------------------------------
2024-07-27 16:20:56,976 - MainThread - WARNING - --------- Information Retriever ---------
2024-07-27 16:20:56,976 - MainThread - WARNING - -----------------------------------------
2024-07-27 16:20:56,976 - MainThread - WARNING - ---------------------------------------------------------
2024-07-27 16:20:56,976 - MainThread - WARNING - --------- Does the question need online search? ---------
2024-07-27 16:20:56,976 - MainThread - WARNING - ---------- Generating search terms in English -----------
2024-07-27 16:20:56,976 - MainThread - WARNING - ---------------------------------------------------------
2024-07-27 16:20:56,976 - MainThread - INFO - ################## Online Search and Query Generation Input ##################
2024-07-27 16:20:56,976 - MainThread - INFO - 
{
  "Claim": "A video shows North Korean leader Kim Jong Un and Russian President Vladimir Putin toasting each other then placing their drinks on the table without consuming them.",
  "Video_information": {"Video_description_from_descriptor": "The video opens with a man in a black suit standing at a podium, holding a glass of wine, and appearing to deliver a speech or presentation in a formal setting with blue curtains in the background. The focus then shifts to another man in a suit standing at a table, also holding a glass of wine and giving a speech at the same event. Throughout the video, the man in the black suit with the wine glass remains the central figure, although both men are speaking. The scenes depict interactions between the individuals, highlighting moments of toasting and gestures with the glasses of wine. The setting suggests a formal event or ceremony, with microphone setups on the tables indicating a structured gathering. The key frames capture various interactions between the two men, showcasing subtle moments of trust issues or skepticism humorously referenced in the captions. These moments include both men holding glasses of what is presumed to be champagne, engaging in dialogue or gestures, and maintaining a serious demeanor. The occurrences culminate with the man in the black suit finishing his speech, implying a conclusion to the event or presentation. Overall, the video portrays a sequence of formal interactions and speeches at an organized function, emphasizing the dynamic between the two suited men through moments of raising glasses and engaging in speech delivery."},
  "QA_CONTEXTS": {},
  "New_Question": {
    "Question": "Does the video show Kim Jong Un and Vladimir Putin drinking during the event?"
  },
  "Task": "To answer the question, is searching information online needed? Yes or no? If you believe the probability that online search is needed is greater than 80%, give the result as 'Yes' and generate two new queries to search for this information on Google. If the probability is 80% or less, give the result as 'No' and do not provide any queries. The queries should focus on different aspects and not be repetitive. The above 'Claim', 'Video_information', and 'QA_CONTEXTS' are just background information, and the queries should focus on answering the new question. Ensure that the queries are in the format suitable for entering into a Google search.",
  "Prediction": {
    "need_online_search": "",
    "Queries": {
      "Query 1": "",
      "Query 2": ""
    }
  }
}

2024-07-27 16:20:58,222 - MainThread - INFO - ################## Online Search and Query Generation Raw Output ##################
2024-07-27 16:20:58,222 - MainThread - INFO - {
  "Prediction": {
    "need_online_search": "No",
    "Queries": {
      "Query 1": "",
      "Query 2": ""
    }
  }
}
2024-07-27 16:21:02,994 - MainThread - INFO - No online search needed.
2024-07-27 16:21:02,994 - MainThread - WARNING - -------------------------------------------------------------
2024-07-27 16:21:02,994 - MainThread - WARNING - --------- Question Anser Model Without GoogleSearch ---------
2024-07-27 16:21:02,994 - MainThread - WARNING - -------------------------------------------------------------
2024-07-27 16:21:02,994 - MainThread - INFO - prompt_for_question_answer
2024-07-27 16:21:02,994 - MainThread - INFO - 
{
    "Claim": "A video shows North Korean leader Kim Jong Un and Russian President Vladimir Putin toasting each other then placing their drinks on the table without consuming them.",
    "Video_information": {
    "Video_description_from_descriptor": "The video opens with a man in a black suit standing at a podium, holding a glass of wine, and appearing to deliver a speech or presentation in a formal setting with blue curtains in the background. The focus then shifts to another man in a suit standing at a table, also holding a glass of wine and giving a speech at the same event. Throughout the video, the man in the black suit with the wine glass remains the central figure, although both men are speaking. The scenes depict interactions between the individuals, highlighting moments of toasting and gestures with the glasses of wine. The setting suggests a formal event or ceremony, with microphone setups on the tables indicating a structured gathering. The key frames capture various interactions between the two men, showcasing subtle moments of trust issues or skepticism humorously referenced in the captions. These moments include both men holding glasses of what is presumed to be champagne, engaging in dialogue or gestures, and maintaining a serious demeanor. The occurrences culminate with the man in the black suit finishing his speech, implying a conclusion to the event or presentation. Overall, the video portrays a sequence of formal interactions and speeches at an organized function, emphasizing the dynamic between the two suited men through moments of raising glasses and engaging in speech delivery."
},
    "New_Question": {
    "Question": "Does the video show Kim Jong Un and Vladimir Putin drinking during the event?"
    },
    "Task": "Based on the Claim and the Video_information, generate an explanatory answer to the question: 'Does the video show Kim Jong Un and Vladimir Putin drinking during the event?' that references the evidence.  And evaluate the confidence (XX%) of your answer based on the analysis of the logic of the reasoning process."
}

2024-07-27 16:21:05,319 - MainThread - INFO - prompt_for_question_answer ANSWER
2024-07-27 16:21:05,319 - MainThread - INFO - Based on the information provided in the claim and the video description, the video does **not** show Kim Jong Un and Vladimir Putin actually drinking during the event. The claim specifically mentions that they toast each other and then place their drinks on the table without consuming them. The video description also indicates that while both men are holding glasses of wine and engaging in speeches and gestures, there is no indication that they actually drink from their glasses.

From this analysis, we can conclude that:

- The claim states they toast but do not drink.
- The video description supports this claim by focusing on formal interactions without depicting any actual drinking.

Based on this reasoning, I would evaluate my confidence in the answer as **95%**. This high confidence reflects the direct correlation between the claim and the evidence presented in the video description, along with the absence of contrary information.
2024-07-27 16:21:07,848 - MainThread - INFO - QA Model final_json_answer
2024-07-27 16:21:07,848 - MainThread - INFO - {'QA': {'Question': 'Does the video show Kim Jong Un and Vladimir Putin drinking during the event?', 'Answer': 'Based on the information provided in the claim and the video description, the video does **not** show Kim Jong Un and Vladimir Putin actually drinking during the event. The claim specifically mentions that they toast each other and then place their drinks on the table without consuming them. The video description also indicates that while both men are holding glasses of wine and engaging in speeches and gestures, there is no indication that they actually drink from their glasses. From this analysis, we can conclude that: - The claim states they toast but do not drink. - The video description supports this claim by focusing on formal interactions without depicting any actual drinking.', 'Confidence': '95%'}}
2024-07-27 16:21:07,849 - MainThread - INFO - IR results saved to: /workspaces/com_pipe/zero_shot_llmfnd/Initial_Question_Generation/IR_result.json
2024-07-27 16:21:07,849 - MainThread - WARNING - 





2024-07-27 16:21:07,850 - MainThread - WARNING - --------------------------------
2024-07-27 16:21:07,850 - MainThread - WARNING - --------- QA Validator ---------
2024-07-27 16:21:07,850 - MainThread - WARNING - --------------------------------
2024-07-27 16:21:07,850 - MainThread - INFO - ################## QA Validator Input (Attempt 1) ##################
2024-07-27 16:21:07,850 - MainThread - INFO - 
{
    "Claim": "A video shows North Korean leader Kim Jong Un and Russian President Vladimir Putin toasting each other then placing their drinks on the table without consuming them.",
    "Video_information": {"Video_description_from_descriptor": "The video opens with a man in a black suit standing at a podium, holding a glass of wine, and appearing to deliver a speech or presentation in a formal setting with blue curtains in the background. The focus then shifts to another man in a suit standing at a table, also holding a glass of wine and giving a speech at the same event. Throughout the video, the man in the black suit with the wine glass remains the central figure, although both men are speaking. The scenes depict interactions between the individuals, highlighting moments of toasting and gestures with the glasses of wine. The setting suggests a formal event or ceremony, with microphone setups on the tables indicating a structured gathering. The key frames capture various interactions between the two men, showcasing subtle moments of trust issues or skepticism humorously referenced in the captions. These moments include both men holding glasses of what is presumed to be champagne, engaging in dialogue or gestures, and maintaining a serious demeanor. The occurrences culminate with the man in the black suit finishing his speech, implying a conclusion to the event or presentation. Overall, the video portrays a sequence of formal interactions and speeches at an organized function, emphasizing the dynamic between the two suited men through moments of raising glasses and engaging in speech delivery."},
    "QA_CONTEXTS": {"Question": "Does the video show Kim Jong Un and Vladimir Putin drinking during the event?", "Prediction": {"need_online_search": "No"}, "QA": {"Question": "Does the video show Kim Jong Un and Vladimir Putin drinking during the event?", "Answer": "Based on the information provided in the claim and the video description, the video does **not** show Kim Jong Un and Vladimir Putin actually drinking during the event. The claim specifically mentions that they toast each other and then place their drinks on the table without consuming them. The video description also indicates that while both men are holding glasses of wine and engaging in speeches and gestures, there is no indication that they actually drink from their glasses. From this analysis, we can conclude that: - The claim states they toast but do not drink. - The video description supports this claim by focusing on formal interactions without depicting any actual drinking.", "Confidence": "95%"}},
    "Task": "Based on the QA_CONTEXTS, determine if there is enough information to establish whether the Claim is true or false. Provide your answer in the 'QApairIsUseful' section. Answer 'yes' if the Question_Answer pair is valuable for verifying the Claim's accuracy, or 'no' if it is not valuable. Additionally, provide a detailed and specific reason for your answer."
    "QApairIsUseful": {
        "Useful": "yes / no",
        "Reason": ""
    }
}

2024-07-27 16:21:09,632 - MainThread - INFO - ################## QA Validator Output (Attempt 1) ##################
2024-07-27 16:21:09,632 - MainThread - INFO - ```json
{
    "QApairIsUseful": {
        "Useful": "yes",
        "Reason": "The question and answer pair provides clear evidence supporting the Claim regarding the video showing Kim Jong Un and Vladimir Putin. Specifically, it confirms that they toasted but did not actually drink from their glasses, directly addressing the central aspect of the Claim. This information is crucial for verifying the accuracy of the Claim."
    }
}
```
2024-07-27 16:21:13,351 - MainThread - INFO - Updated CV_result.json with QA data from IR_result.json
2024-07-27 16:21:13,351 - MainThread - WARNING - 





2024-07-27 16:21:13,352 - MainThread - WARNING - ----------------------------------
2024-07-27 16:21:13,352 - MainThread - WARNING - --------- Claim Verifier ---------
2024-07-27 16:21:13,352 - MainThread - WARNING - ----------------------------------
2024-07-27 16:21:16,488 - MainThread - INFO - ################## Claim Verifier Input ##################
2024-07-27 16:21:16,488 - MainThread - INFO - 
{
  "Claim": "A video shows North Korean leader Kim Jong Un and Russian President Vladimir Putin toasting each other then placing their drinks on the table without consuming them.",
  "Video_information": {'Video_description_from_descriptor': 'The video opens with a man in a black suit standing at a podium, holding a glass of wine, and appearing to deliver a speech or presentation in a formal setting with blue curtains in the background. The focus then shifts to another man in a suit standing at a table, also holding a glass of wine and giving a speech at the same event. Throughout the video, the man in the black suit with the wine glass remains the central figure, although both men are speaking. The scenes depict interactions between the individuals, highlighting moments of toasting and gestures with the glasses of wine. The setting suggests a formal event or ceremony, with microphone setups on the tables indicating a structured gathering. The key frames capture various interactions between the two men, showcasing subtle moments of trust issues or skepticism humorously referenced in the captions. These moments include both men holding glasses of what is presumed to be champagne, engaging in dialogue or gestures, and maintaining a serious demeanor. The occurrences culminate with the man in the black suit finishing his speech, implying a conclusion to the event or presentation. Overall, the video portrays a sequence of formal interactions and speeches at an organized function, emphasizing the dynamic between the two suited men through moments of raising glasses and engaging in speech delivery.'},
  "QA_CONTEXTS": {'Initial_Question_Generation': {'Question': 'Does the video show Kim Jong Un and Vladimir Putin drinking during the event?', 'Answer': 'Based on the information provided in the claim and the video description, the video does **not** show Kim Jong Un and Vladimir Putin actually drinking during the event. The claim specifically mentions that they toast each other and then place their drinks on the table without consuming them. The video description also indicates that while both men are holding glasses of wine and engaging in speeches and gestures, there is no indication that they actually drink from their glasses. From this analysis, we can conclude that: - The claim states they toast but do not drink. - The video description supports this claim by focusing on formal interactions without depicting any actual drinking.', 'Confidence': '95%'}},
  "Task": "Based on the content of the Video_information and the QA_CONTEXTS, accurately and rigorously determine whether the existing information is sufficient to judge the truthfulness of the claim. Can we determine the truthfulness of the claim based on the existing information? Please provide a reliability probability, clearly answer 'Yes' (the existing information is sufficient to determine the truthfulness) or 'No' (the existing information is insufficient to determine the truthfulness), and provide a detailed reason for your judgment. Include specific evidence from the provided information to support your conclusion. Answer 'Yes' only if the reliability probability is sufficiently high.",
  "Output_Format": {
    "CVResult": {
      "Judgment": "Yes or No",
      "Confidence": "0%~100%",
      "Reason": "Detailed explanation for the judgment, including specific evidence from the provided information that explains why the information is sufficient or insufficient to determine the truthfulness of the claim"
    }
  }
}
The final output must be in valid JSON format, strictly adhering to the structure specified in the 'Output_Format' field. Provide a 'Yes' or 'No' judgment, a reliability probability ranging from 0% to 100%, and a detailed reason explaining your judgment with specific evidence. Ensure that the entire response is a properly formatted JSON object.

2024-07-27 16:21:16,488 - MainThread - INFO - ################## Claim Verifier Raw Output ##################
2024-07-27 16:21:16,488 - MainThread - INFO - ```json
{
  "CVResult": {
    "Judgment": "Yes",
    "Confidence": "95%",
    "Reason": "The existing information is sufficient to determine the truthfulness of the claim. The claim clearly states that Kim Jong Un and Vladimir Putin toast each other but do not drink from their glasses, instead placing them on the table. The video description supports this by indicating that both men are holding glasses of wine and engaging in gestures, but it does not provide any evidence of them actually consuming the drinks. The analysis of the QA_CONTEXTS explicitly confirms this by stating that while they toast and hold glasses, there is no indication of actual drinking. Given this strong alignment between the claim and the video description, along with the clear interpretation that they place their drinks on the table without consuming them, we can conclude that the claim is truthful with high reliability."
  }
}
```
2024-07-27 16:21:20,028 - MainThread - INFO - New process_claim_verifier result - Judgment: True, Confidence: 0.95
2024-07-27 16:21:20,028 - MainThread - WARNING - 





2024-07-27 16:21:20,028 - MainThread - WARNING - ----------------------------------
2024-07-27 16:21:20,028 - MainThread - WARNING - --------- Final Reasoner ---------
2024-07-27 16:21:20,028 - MainThread - WARNING - ----------------------------------
2024-07-27 16:21:22,798 - MainThread - INFO - ################## Final Reasoner Input (Attempt 1) ##################
2024-07-27 16:21:22,799 - MainThread - INFO - 
{
  "Claim": "A video shows North Korean leader Kim Jong Un and Russian President Vladimir Putin toasting each other then placing their drinks on the table without consuming them.",
  "Video_information": {'Video_description_from_descriptor': 'The video opens with a man in a black suit standing at a podium, holding a glass of wine, and appearing to deliver a speech or presentation in a formal setting with blue curtains in the background. The focus then shifts to another man in a suit standing at a table, also holding a glass of wine and giving a speech at the same event. Throughout the video, the man in the black suit with the wine glass remains the central figure, although both men are speaking. The scenes depict interactions between the individuals, highlighting moments of toasting and gestures with the glasses of wine. The setting suggests a formal event or ceremony, with microphone setups on the tables indicating a structured gathering. The key frames capture various interactions between the two men, showcasing subtle moments of trust issues or skepticism humorously referenced in the captions. These moments include both men holding glasses of what is presumed to be champagne, engaging in dialogue or gestures, and maintaining a serious demeanor. The occurrences culminate with the man in the black suit finishing his speech, implying a conclusion to the event or presentation. Overall, the video portrays a sequence of formal interactions and speeches at an organized function, emphasizing the dynamic between the two suited men through moments of raising glasses and engaging in speech delivery.'},
  "QA_CONTEXTS": {'Initial_Question_Generation': {'Question': 'Does the video show Kim Jong Un and Vladimir Putin drinking during the event?', 'Answer': 'Based on the information provided in the claim and the video description, the video does **not** show Kim Jong Un and Vladimir Putin actually drinking during the event. The claim specifically mentions that they toast each other and then place their drinks on the table without consuming them. The video description also indicates that while both men are holding glasses of wine and engaging in speeches and gestures, there is no indication that they actually drink from their glasses. From this analysis, we can conclude that: - The claim states they toast but do not drink. - The video description supports this claim by focusing on formal interactions without depicting any actual drinking.', 'Confidence': '95%'}},
  "Task": "Is this Claim true or false considering the provided Video information? And which information type does it belong to: Real, Unverified, Outdated, or False? If 'False,' specify the type: False video description, Video Clip Edit, Computer-generated Imagery, False speech, Staged Video, Text-Video Contradictory, Text unsupported by the video. Please provide your reasoning process. Ensure the final answer addresses all the following aspects: Answer, Reasons, Therefore, the Claim authenticity is, The information type is, If it is false, the specific type of False Information is.",
  "Output_Answer_Format": {
    "Answer": "",
    "Reasons": "",
    "Therefore, the Claim authenticity is": "",
    "The information type is": "",
    "If it is false, the specific type of False Information is": ""
  },
  "Please Note": "Make sure to address Answer, Reasons, Therefore, the Claim authenticity is, The information type is, If it is false, the specific type of False Information is, specifically based on the provided Video information.",
  "Evidence Citation Guidelines": {
    "1. Reference Format": "For each argument or piece of information used, add the referenced evidence number after it.",
    "2. Citation Format": "Use the format [Question_type Question_number_Query number_evidence number] for your references. For example:",
      "- Initial Question Generation": "[Initial_Question_Generation_Query X_evidenceY]",
      "- Follow Up Questions": "[Follow_Up_Question_Z_Query X_evidenceY]",
      "Where X is the query number, Y is the evidence number, and Z is the follow-up question number.",
    "3. Comprehensive Referencing": "Ensure that every piece of information drawn from the provided evidence is properly referenced.",
    "4. Answer Quality": "Strive for a comprehensive yet concise answer that directly addresses the question while incorporating relevant evidence.",
    "5. Output Inclusion": "When citing evidence in the final output, include the full reference tag (e.g., [Follow_Up_Question_1_Query 1_evidence_2]) in the 'Reasons' section of the Output_Answer_Format."
  }
}

2024-07-27 16:21:28,805 - MainThread - INFO - ################## Final Reasoner Raw Output (Attempt 1) ##################
2024-07-27 16:21:28,805 - MainThread - INFO - ```json
{
  "Answer": "True",
  "Reasons": "The video does not show Kim Jong Un and Vladimir Putin consuming their drinks. Instead, it indicates they toast each other and then place their drinks on the table, aligning with the claim. The confirmation comes from both the provided claim and the video description, which notes that both leaders engage in formal interactions without any indication of them actually drinking from their glasses. The video focuses on their speeches and toasting gestures, rather than drinking, supporting the truthfulness of the claim. Therefore, the video description directly corroborates the claim without any discrepancies or misrepresentations. [Initial_Question_Generation_Query 1_evidence1]",
  "Therefore, the Claim authenticity is": "True",
  "The information type is": "Real",
  "If it is false, the specific type of False Information is": ""
}
```
2024-07-27 16:21:31,335 - MainThread - INFO - The claim processing result has been generated and successfully saved.
2024-07-27 16:21:31,335 - MainThread - INFO - final_json_answer 
{'Final_Judgement': {'Answer': 'True', 'Reasons': 'The video does not show Kim Jong Un and Vladimir Putin consuming their drinks. Instead, it indicates they toast each other and then place their drinks on the table, aligning with the claim. The confirmation comes from both the provided claim and the video description, which notes that both leaders engage in formal interactions without any indication of them actually drinking from their glasses. The video focuses on their speeches and toasting gestures, rather than drinking, supporting the truthfulness of the claim. Therefore, the video description directly corroborates the claim without any discrepancies or misrepresentations. [Initial_Question_Generation_Query 1_evidence1]', 'Therefore, the Claim authenticity is': 'True', 'The information type is': 'Real'}}
